{"target": 0.3729188348639854, "params": {"alpha": 0.1, "gamma": 1.0, "max_depth": 7.0, "r": 15.0, "subsample": 0.8}, "datetime": {"datetime": "2019-02-20 13:19:29", "elapsed": 0.0, "delta": 0.0}}
{"target": 0.37243813000083, "params": {"alpha": 0.050772376836726134, "gamma": 3.1527530367241323, "max_depth": 10.283483400154218, "r": 29.709866090168255, "subsample": 0.9332740273958322}, "datetime": {"datetime": "2019-02-20 13:26:43", "elapsed": 434.017474, "delta": 434.017474}}
{"target": 0.28135080494737835, "params": {"alpha": 0.08283684524708472, "gamma": 3.5833372642656802, "max_depth": 8.963103238669001, "r": 27.028737253813837, "subsample": 0.8011252670095738}, "datetime": {"datetime": "2019-02-20 13:35:29", "elapsed": 960.148537, "delta": 526.131063}}
{"target": 0.3728383384531916, "params": {"alpha": 0.014016730608320739, "gamma": 4.132085487720934, "max_depth": 6.2624578914269895, "r": 20.655106714272037, "subsample": 0.8440303435407983}, "datetime": {"datetime": "2019-02-20 13:42:28", "elapsed": 1379.319243, "delta": 419.170706}}
{"target": 0.2893551374717244, "params": {"alpha": 0.08779212332394189, "gamma": 4.005654215496716, "max_depth": 3.9009820838064746, "r": 12.788210492336846, "subsample": 0.9948531652217965}, "datetime": {"datetime": "2019-02-20 13:49:14", "elapsed": 1784.877485, "delta": 405.558242}}
{"target": 0.35228538966944356, "params": {"alpha": 0.07439760339224911, "gamma": 3.383412417103597, "max_depth": 10.349110417548667, "r": 12.749477654842256, "subsample": 0.948619207961888}, "datetime": {"datetime": "2019-02-20 13:58:22", "elapsed": 2332.959122, "delta": 548.081637}}
{"target": 0.0, "params": {"alpha": 0.0, "gamma": 0.0, "max_depth": 0.0, "r": 30.0, "subsample": 1.0}, "datetime": {"datetime": "2019-02-20 14:04:37", "elapsed": 2707.685054, "delta": 374.725932}}
{"target": 0.32283805744855365, "params": {"alpha": 0.0, "gamma": 0.0, "max_depth": 15.0, "r": 30.0, "subsample": 0.5}, "datetime": {"datetime": "2019-02-20 14:15:18", "elapsed": 3348.544569, "delta": 640.859515}}
{"target": 0.31385436861873967, "params": {"alpha": 0.0, "gamma": 5.0, "max_depth": 15.0, "r": 30.0, "subsample": 1.0}, "datetime": {"datetime": "2019-02-20 14:24:02", "elapsed": 3873.182611, "delta": 524.638042}}
{"target": 0.26816857868702815, "params": {"alpha": 0.0, "gamma": 0.0, "max_depth": 15.0, "r": 10.0, "subsample": 1.0}, "datetime": {"datetime": "2019-02-20 14:32:43", "elapsed": 4394.181028, "delta": 520.998417}}
{"target": 0.27364324004801543, "params": {"alpha": 0.0, "gamma": 0.0, "max_depth": 15.0, "r": 18.259880660566548, "subsample": 1.0}, "datetime": {"datetime": "2019-02-20 14:41:29", "elapsed": 4920.177296, "delta": 525.996268}}
{"target": 0.0, "params": {"alpha": 0.0, "gamma": 0.0, "max_depth": 0.0, "r": 10.0, "subsample": 0.5}, "datetime": {"datetime": "2019-02-20 15:20:25", "elapsed": 7256.029014, "delta": 2335.851718}}
{"target": 0.0, "params": {"alpha": 0.1, "gamma": 5.0, "max_depth": 0.0, "r": 19.504622567675693, "subsample": 0.5}, "datetime": {"datetime": "2019-02-20 15:37:09", "elapsed": 8259.419894, "delta": 1003.39088}}
{"target": 0.31514770915609397, "params": {"alpha": 0.0, "gamma": 5.0, "max_depth": 15.0, "r": 10.0, "subsample": 1.0}, "datetime": {"datetime": "2019-02-20 15:46:46", "elapsed": 8836.711093, "delta": 577.291199}}
{"target": 0.3729264678120082, "params": {"alpha": 0.0, "gamma": 5.0, "max_depth": 9.867703757944794, "r": 17.714460685133137, "subsample": 0.5}, "datetime": {"datetime": "2019-02-20 15:54:37", "elapsed": 9307.412783, "delta": 470.70169}}
{"target": 0.3111285778027728, "params": {"alpha": 0.0, "gamma": 0.0, "max_depth": 9.046933417111994, "r": 30.0, "subsample": 1.0}, "datetime": {"datetime": "2019-02-20 16:47:55", "elapsed": 12505.527444, "delta": 3198.114661}}
{"target": 0.3544937137057008, "params": {"alpha": 0.0, "gamma": 5.0, "max_depth": 5.519784120257759, "r": 30.0, "subsample": 1.0}, "datetime": {"datetime": "2019-02-20 16:56:27", "elapsed": 13018.19456, "delta": 512.667116}}
{"target": 0.372054498840047, "params": {"alpha": 0.0, "gamma": 5.0, "max_depth": 8.007626552364345, "r": 10.0, "subsample": 0.5}, "datetime": {"datetime": "2019-02-20 17:06:33", "elapsed": 13623.394726, "delta": 605.200166}}
{"target": 0.33513006895222, "params": {"alpha": 0.0, "gamma": 0.0, "max_depth": 8.769834934132199, "r": 19.20226843763706, "subsample": 1.0}, "datetime": {"datetime": "2019-02-20 17:16:40", "elapsed": 14230.562397, "delta": 607.167671}}
{"target": 0.3505055595862387, "params": {"alpha": 0.0, "gamma": 5.0, "max_depth": 7.048583403175387, "r": 16.5149912122961, "subsample": 1.0}, "datetime": {"datetime": "2019-02-20 17:26:31", "elapsed": 14821.600112, "delta": 591.037715}}
{"target": 0.3375521935331429, "params": {"alpha": 0.0, "gamma": 0.0, "max_depth": 7.666011179431752, "r": 10.0, "subsample": 1.0}, "datetime": {"datetime": "2019-02-20 17:35:21", "elapsed": 15352.354654, "delta": 530.754542}}
